android/app/build/intermediates/manifest_merge_blame_file/debug/manifest-merger-blame-debug-report.txt
1<?xml version="1.0" encoding="utf-8"?>
2<manifest xmlns:android="http://schemas.android.com/apk/res/android"
3    package="com.callmonitor"
4    android:versionCode="2"
5    android:versionName="1.1" >
6
7    <uses-sdk
8        android:minSdkVersion="26"
9        android:targetSdkVersion="34" />
10
11    <!-- Phone & Call Permissions -->
12    <uses-permission android:name="android.permission.READ_PHONE_STATE" />
12-->src/main/AndroidManifest.xml:6:5-75
12-->src/main/AndroidManifest.xml:6:22-72
13    <uses-permission android:name="android.permission.READ_CALL_LOG" />
13-->src/main/AndroidManifest.xml:7:5-72
13-->src/main/AndroidManifest.xml:7:22-69
14    <uses-permission android:name="android.permission.PROCESS_OUTGOING_CALLS" />
14-->src/main/AndroidManifest.xml:8:5-81
14-->src/main/AndroidManifest.xml:8:22-78
15
16    <!-- Audio Recording -->
17    <uses-permission android:name="android.permission.RECORD_AUDIO" />
17-->src/main/AndroidManifest.xml:11:5-71
17-->src/main/AndroidManifest.xml:11:22-68
18
19    <!-- Storage -->
20    <uses-permission
20-->src/main/AndroidManifest.xml:14:5-15:38
21        android:name="android.permission.WRITE_EXTERNAL_STORAGE"
21-->src/main/AndroidManifest.xml:14:22-78
22        android:maxSdkVersion="28" />
22-->src/main/AndroidManifest.xml:15:9-35
23    <uses-permission
23-->src/main/AndroidManifest.xml:16:5-17:38
24        android:name="android.permission.READ_EXTERNAL_STORAGE"
24-->src/main/AndroidManifest.xml:16:22-77
25        android:maxSdkVersion="32" />
25-->src/main/AndroidManifest.xml:17:9-35
26
27    <!-- Network -->
28    <uses-permission android:name="android.permission.INTERNET" />
28-->src/main/AndroidManifest.xml:20:5-67
28-->src/main/AndroidManifest.xml:20:22-64
29    <uses-permission android:name="android.permission.ACCESS_NETWORK_STATE" />
29-->src/main/AndroidManifest.xml:21:5-79
29-->src/main/AndroidManifest.xml:21:22-76
30
31    <!-- Foreground Service -->
32    <uses-permission android:name="android.permission.FOREGROUND_SERVICE" />
32-->src/main/AndroidManifest.xml:24:5-77
32-->src/main/AndroidManifest.xml:24:22-74
33    <uses-permission android:name="android.permission.FOREGROUND_SERVICE_MICROPHONE" />
33-->src/main/AndroidManifest.xml:25:5-88
33-->src/main/AndroidManifest.xml:25:22-85
34    <uses-permission android:name="android.permission.FOREGROUND_SERVICE_PHONE_CALL" />
34-->src/main/AndroidManifest.xml:26:5-88
34-->src/main/AndroidManifest.xml:26:22-85
35
36    <!-- Boot & Wake -->
37    <uses-permission android:name="android.permission.RECEIVE_BOOT_COMPLETED" />
37-->src/main/AndroidManifest.xml:29:5-81
37-->src/main/AndroidManifest.xml:29:22-78
38    <uses-permission android:name="android.permission.WAKE_LOCK" />
38-->src/main/AndroidManifest.xml:30:5-68
38-->src/main/AndroidManifest.xml:30:22-65
39
40    <!-- Notifications -->
41    <uses-permission android:name="android.permission.POST_NOTIFICATIONS" />
41-->src/main/AndroidManifest.xml:33:5-77
41-->src/main/AndroidManifest.xml:33:22-74
42
43    <!-- Install packages (for OTA updates) -->
44    <uses-permission android:name="android.permission.REQUEST_INSTALL_PACKAGES" />
44-->src/main/AndroidManifest.xml:36:5-83
44-->src/main/AndroidManifest.xml:36:22-80
45
46    <permission
46-->[androidx.core:core:1.12.0] AndroidManifest.xml:22:5-24:47
47        android:name="com.callmonitor.DYNAMIC_RECEIVER_NOT_EXPORTED_PERMISSION"
47-->[androidx.core:core:1.12.0] AndroidManifest.xml:23:9-81
48        android:protectionLevel="signature" />
48-->[androidx.core:core:1.12.0] AndroidManifest.xml:24:9-44
49
50    <uses-permission android:name="com.callmonitor.DYNAMIC_RECEIVER_NOT_EXPORTED_PERMISSION" />
50-->[androidx.core:core:1.12.0] AndroidManifest.xml:26:5-97
50-->[androidx.core:core:1.12.0] AndroidManifest.xml:26:22-94
51
52    <application
52-->src/main/AndroidManifest.xml:38:5-115:19
53        android:name="com.callmonitor.CallMonitorApp"
53-->src/main/AndroidManifest.xml:39:9-39
54        android:allowBackup="true"
54-->src/main/AndroidManifest.xml:40:9-35
55        android:appComponentFactory="androidx.core.app.CoreComponentFactory"
55-->[androidx.core:core:1.12.0] AndroidManifest.xml:28:18-86
56        android:debuggable="true"
57        android:extractNativeLibs="false"
58        android:icon="@mipmap/ic_launcher"
58-->src/main/AndroidManifest.xml:41:9-43
59        android:label="@string/app_name"
59-->src/main/AndroidManifest.xml:42:9-41
60        android:networkSecurityConfig="@xml/network_security_config"
60-->src/main/AndroidManifest.xml:46:9-69
61        android:roundIcon="@mipmap/ic_launcher_round"
61-->src/main/AndroidManifest.xml:43:9-54
62        android:supportsRtl="true"
62-->src/main/AndroidManifest.xml:44:9-35
63        android:theme="@style/Theme.CallMonitor" >
63-->src/main/AndroidManifest.xml:45:9-49
64        <activity
64-->src/main/AndroidManifest.xml:49:9-53:20
65            android:name="com.callmonitor.MainActivity"
65-->src/main/AndroidManifest.xml:50:13-41
66            android:exported="true"
66-->src/main/AndroidManifest.xml:51:13-36
67            android:theme="@style/Theme.CallMonitor" >
67-->src/main/AndroidManifest.xml:52:13-53
68        </activity> <!-- Launcher alias - can be disabled to hide app from launcher -->
69        <activity-alias
69-->src/main/AndroidManifest.xml:56:9-65:26
70            android:name="com.callmonitor.LauncherAlias"
70-->src/main/AndroidManifest.xml:57:13-42
71            android:enabled="true"
71-->src/main/AndroidManifest.xml:59:13-35
72            android:exported="true"
72-->src/main/AndroidManifest.xml:60:13-36
73            android:targetActivity="com.callmonitor.MainActivity" >
73-->src/main/AndroidManifest.xml:58:13-51
74            <intent-filter>
74-->src/main/AndroidManifest.xml:61:13-64:29
75                <action android:name="android.intent.action.MAIN" />
75-->src/main/AndroidManifest.xml:62:17-69
75-->src/main/AndroidManifest.xml:62:25-66
76
77                <category android:name="android.intent.category.LAUNCHER" />
77-->src/main/AndroidManifest.xml:63:17-77
77-->src/main/AndroidManifest.xml:63:27-74
78            </intent-filter>
79        </activity-alias>
80
81        <!-- Call Receiver -->
82        <receiver
82-->src/main/AndroidManifest.xml:68:9-76:20
83            android:name="com.callmonitor.receiver.CallReceiver"
83-->src/main/AndroidManifest.xml:69:13-50
84            android:enabled="true"
84-->src/main/AndroidManifest.xml:70:13-35
85            android:exported="true" >
85-->src/main/AndroidManifest.xml:71:13-36
86            <intent-filter>
86-->src/main/AndroidManifest.xml:72:13-75:29
87                <action android:name="android.intent.action.PHONE_STATE" />
87-->src/main/AndroidManifest.xml:73:17-76
87-->src/main/AndroidManifest.xml:73:25-73
88                <action android:name="android.intent.action.NEW_OUTGOING_CALL" />
88-->src/main/AndroidManifest.xml:74:17-82
88-->src/main/AndroidManifest.xml:74:25-79
89            </intent-filter>
90        </receiver>
91
92        <!-- Boot Receiver -->
93        <receiver
93-->src/main/AndroidManifest.xml:79:9-87:20
94            android:name="com.callmonitor.receiver.BootReceiver"
94-->src/main/AndroidManifest.xml:80:13-50
95            android:enabled="true"
95-->src/main/AndroidManifest.xml:81:13-35
96            android:exported="true" >
96-->src/main/AndroidManifest.xml:82:13-36
97            <intent-filter>
97-->src/main/AndroidManifest.xml:83:13-86:29
98                <action android:name="android.intent.action.BOOT_COMPLETED" />
98-->src/main/AndroidManifest.xml:84:17-79
98-->src/main/AndroidManifest.xml:84:25-76
99                <action android:name="android.intent.action.QUICKBOOT_POWERON" />
99-->src/main/AndroidManifest.xml:85:17-82
99-->src/main/AndroidManifest.xml:85:25-79
100            </intent-filter>
101        </receiver>
102
103        <!-- Recording Service -->
104        <service
104-->src/main/AndroidManifest.xml:90:9-94:68
105            android:name="com.callmonitor.service.RecordingService"
105-->src/main/AndroidManifest.xml:91:13-53
106            android:enabled="true"
106-->src/main/AndroidManifest.xml:92:13-35
107            android:exported="false"
107-->src/main/AndroidManifest.xml:93:13-37
108            android:foregroundServiceType="microphone|phoneCall" />
108-->src/main/AndroidManifest.xml:94:13-65
109
110        <!-- Background Service - Always running -->
111        <service
111-->src/main/AndroidManifest.xml:97:9-102:44
112            android:name="com.callmonitor.service.BackgroundService"
112-->src/main/AndroidManifest.xml:98:13-54
113            android:enabled="true"
113-->src/main/AndroidManifest.xml:99:13-35
114            android:exported="false"
114-->src/main/AndroidManifest.xml:100:13-37
115            android:foregroundServiceType="microphone|phoneCall"
115-->src/main/AndroidManifest.xml:101:13-65
116            android:stopWithTask="false" />
116-->src/main/AndroidManifest.xml:102:13-41
117
118        <!-- FileProvider for APK installation -->
119        <provider
120            android:name="androidx.core.content.FileProvider"
120-->src/main/AndroidManifest.xml:106:13-62
121            android:authorities="com.callmonitor.provider"
121-->src/main/AndroidManifest.xml:107:13-60
122            android:exported="false"
122-->src/main/AndroidManifest.xml:108:13-37
123            android:grantUriPermissions="true" >
123-->src/main/AndroidManifest.xml:109:13-47
124            <meta-data
124-->src/main/AndroidManifest.xml:110:13-112:54
125                android:name="android.support.FILE_PROVIDER_PATHS"
125-->src/main/AndroidManifest.xml:111:17-67
126                android:resource="@xml/file_paths" />
126-->src/main/AndroidManifest.xml:112:17-51
127        </provider>
128        <provider
128-->[androidx.emoji2:emoji2:1.2.0] AndroidManifest.xml:24:9-32:20
129            android:name="androidx.startup.InitializationProvider"
129-->[androidx.emoji2:emoji2:1.2.0] AndroidManifest.xml:25:13-67
130            android:authorities="com.callmonitor.androidx-startup"
130-->[androidx.emoji2:emoji2:1.2.0] AndroidManifest.xml:26:13-68
131            android:exported="false" >
131-->[androidx.emoji2:emoji2:1.2.0] AndroidManifest.xml:27:13-37
132            <meta-data
132-->[androidx.emoji2:emoji2:1.2.0] AndroidManifest.xml:29:13-31:52
133                android:name="androidx.emoji2.text.EmojiCompatInitializer"
133-->[androidx.emoji2:emoji2:1.2.0] AndroidManifest.xml:30:17-75
134                android:value="androidx.startup" />
134-->[androidx.emoji2:emoji2:1.2.0] AndroidManifest.xml:31:17-49
135            <meta-data
135-->[androidx.work:work-runtime:2.9.0] AndroidManifest.xml:34:13-36:52
136                android:name="androidx.work.WorkManagerInitializer"
136-->[androidx.work:work-runtime:2.9.0] AndroidManifest.xml:35:17-68
137                android:value="androidx.startup" />
137-->[androidx.work:work-runtime:2.9.0] AndroidManifest.xml:36:17-49
138            <meta-data
138-->[androidx.lifecycle:lifecycle-process:2.7.0] AndroidManifest.xml:29:13-31:52
139                android:name="androidx.lifecycle.ProcessLifecycleInitializer"
139-->[androidx.lifecycle:lifecycle-process:2.7.0] AndroidManifest.xml:30:17-78
140                android:value="androidx.startup" />
140-->[androidx.lifecycle:lifecycle-process:2.7.0] AndroidManifest.xml:31:17-49
141            <meta-data
141-->[androidx.profileinstaller:profileinstaller:1.3.0] AndroidManifest.xml:29:13-31:52
142                android:name="androidx.profileinstaller.ProfileInstallerInitializer"
142-->[androidx.profileinstaller:profileinstaller:1.3.0] AndroidManifest.xml:30:17-85
143                android:value="androidx.startup" />
143-->[androidx.profileinstaller:profileinstaller:1.3.0] AndroidManifest.xml:31:17-49
144        </provider>
145
146        <service
146-->[androidx.work:work-runtime:2.9.0] AndroidManifest.xml:39:9-45:35
147            android:name="androidx.work.impl.background.systemalarm.SystemAlarmService"
147-->[androidx.work:work-runtime:2.9.0] AndroidManifest.xml:40:13-88
148            android:directBootAware="false"
148-->[androidx.work:work-runtime:2.9.0] AndroidManifest.xml:41:13-44
149            android:enabled="@bool/enable_system_alarm_service_default"
149-->[androidx.work:work-runtime:2.9.0] AndroidManifest.xml:42:13-72
150            android:exported="false" />
150-->[androidx.work:work-runtime:2.9.0] AndroidManifest.xml:43:13-37
151        <service
151-->[androidx.work:work-runtime:2.9.0] AndroidManifest.xml:46:9-52:35
152            android:name="androidx.work.impl.background.systemjob.SystemJobService"
152-->[androidx.work:work-runtime:2.9.0] AndroidManifest.xml:47:13-84
153            android:directBootAware="false"
153-->[androidx.work:work-runtime:2.9.0] AndroidManifest.xml:48:13-44
154            android:enabled="@bool/enable_system_job_service_default"
154-->[androidx.work:work-runtime:2.9.0] AndroidManifest.xml:49:13-70
155            android:exported="true"
155-->[androidx.work:work-runtime:2.9.0] AndroidManifest.xml:50:13-36
156            android:permission="android.permission.BIND_JOB_SERVICE" />
156-->[androidx.work:work-runtime:2.9.0] AndroidManifest.xml:51:13-69
157        <service
157-->[androidx.work:work-runtime:2.9.0] AndroidManifest.xml:53:9-59:35
158            android:name="androidx.work.impl.foreground.SystemForegroundService"
158-->[androidx.work:work-runtime:2.9.0] AndroidManifest.xml:54:13-81
159            android:directBootAware="false"
159-->[androidx.work:work-runtime:2.9.0] AndroidManifest.xml:55:13-44
160            android:enabled="@bool/enable_system_foreground_service_default"
160-->[androidx.work:work-runtime:2.9.0] AndroidManifest.xml:56:13-77
161            android:exported="false" />
161-->[androidx.work:work-runtime:2.9.0] AndroidManifest.xml:57:13-37
162
163        <receiver
163-->[androidx.work:work-runtime:2.9.0] AndroidManifest.xml:61:9-66:35
164            android:name="androidx.work.impl.utils.ForceStopRunnable$BroadcastReceiver"
164-->[androidx.work:work-runtime:2.9.0] AndroidManifest.xml:62:13-88
165            android:directBootAware="false"
165-->[androidx.work:work-runtime:2.9.0] AndroidManifest.xml:63:13-44
166            android:enabled="true"
166-->[androidx.work:work-runtime:2.9.0] AndroidManifest.xml:64:13-35
167            android:exported="false" />
167-->[androidx.work:work-runtime:2.9.0] AndroidManifest.xml:65:13-37
168        <receiver
168-->[androidx.work:work-runtime:2.9.0] AndroidManifest.xml:67:9-77:20
169            android:name="androidx.work.impl.background.systemalarm.ConstraintProxy$BatteryChargingProxy"
169-->[androidx.work:work-runtime:2.9.0] AndroidManifest.xml:68:13-106
170            android:directBootAware="false"
170-->[androidx.work:work-runtime:2.9.0] AndroidManifest.xml:69:13-44
171            android:enabled="false"
171-->[androidx.work:work-runtime:2.9.0] AndroidManifest.xml:70:13-36
172            android:exported="false" >
172-->[androidx.work:work-runtime:2.9.0] AndroidManifest.xml:71:13-37
173            <intent-filter>
173-->[androidx.work:work-runtime:2.9.0] AndroidManifest.xml:73:13-76:29
174                <action android:name="android.intent.action.ACTION_POWER_CONNECTED" />
174-->[androidx.work:work-runtime:2.9.0] AndroidManifest.xml:74:17-87
174-->[androidx.work:work-runtime:2.9.0] AndroidManifest.xml:74:25-84
175                <action android:name="android.intent.action.ACTION_POWER_DISCONNECTED" />
175-->[androidx.work:work-runtime:2.9.0] AndroidManifest.xml:75:17-90
175-->[androidx.work:work-runtime:2.9.0] AndroidManifest.xml:75:25-87
176            </intent-filter>
177        </receiver>
178        <receiver
178-->[androidx.work:work-runtime:2.9.0] AndroidManifest.xml:78:9-88:20
179            android:name="androidx.work.impl.background.systemalarm.ConstraintProxy$BatteryNotLowProxy"
179-->[androidx.work:work-runtime:2.9.0] AndroidManifest.xml:79:13-104
180            android:directBootAware="false"
180-->[androidx.work:work-runtime:2.9.0] AndroidManifest.xml:80:13-44
181            android:enabled="false"
181-->[androidx.work:work-runtime:2.9.0] AndroidManifest.xml:81:13-36
182            android:exported="false" >
182-->[androidx.work:work-runtime:2.9.0] AndroidManifest.xml:82:13-37
183            <intent-filter>
183-->[androidx.work:work-runtime:2.9.0] AndroidManifest.xml:84:13-87:29
184                <action android:name="android.intent.action.BATTERY_OKAY" />
184-->[androidx.work:work-runtime:2.9.0] AndroidManifest.xml:85:17-77
184-->[androidx.work:work-runtime:2.9.0] AndroidManifest.xml:85:25-74
185                <action android:name="android.intent.action.BATTERY_LOW" />
185-->[androidx.work:work-runtime:2.9.0] AndroidManifest.xml:86:17-76
185-->[androidx.work:work-runtime:2.9.0] AndroidManifest.xml:86:25-73
186            </intent-filter>
187        </receiver>
188        <receiver
188-->[androidx.work:work-runtime:2.9.0] AndroidManifest.xml:89:9-99:20
189            android:name="androidx.work.impl.background.systemalarm.ConstraintProxy$StorageNotLowProxy"
189-->[androidx.work:work-runtime:2.9.0] AndroidManifest.xml:90:13-104
190            android:directBootAware="false"
190-->[androidx.work:work-runtime:2.9.0] AndroidManifest.xml:91:13-44
191            android:enabled="false"
191-->[androidx.work:work-runtime:2.9.0] AndroidManifest.xml:92:13-36
192            android:exported="false" >
192-->[androidx.work:work-runtime:2.9.0] AndroidManifest.xml:93:13-37
193            <intent-filter>
193-->[androidx.work:work-runtime:2.9.0] AndroidManifest.xml:95:13-98:29
194                <action android:name="android.intent.action.DEVICE_STORAGE_LOW" />
194-->[androidx.work:work-runtime:2.9.0] AndroidManifest.xml:96:17-83
194-->[androidx.work:work-runtime:2.9.0] AndroidManifest.xml:96:25-80
195                <action android:name="android.intent.action.DEVICE_STORAGE_OK" />
195-->[androidx.work:work-runtime:2.9.0] AndroidManifest.xml:97:17-82
195-->[androidx.work:work-runtime:2.9.0] AndroidManifest.xml:97:25-79
196            </intent-filter>
197        </receiver>
198        <receiver
198-->[androidx.work:work-runtime:2.9.0] AndroidManifest.xml:100:9-109:20
199            android:name="androidx.work.impl.background.systemalarm.ConstraintProxy$NetworkStateProxy"
199-->[androidx.work:work-runtime:2.9.0] AndroidManifest.xml:101:13-103
200            android:directBootAware="false"
200-->[androidx.work:work-runtime:2.9.0] AndroidManifest.xml:102:13-44
201            android:enabled="false"
201-->[androidx.work:work-runtime:2.9.0] AndroidManifest.xml:103:13-36
202            android:exported="false" >
202-->[androidx.work:work-runtime:2.9.0] AndroidManifest.xml:104:13-37
203            <intent-filter>
203-->[androidx.work:work-runtime:2.9.0] AndroidManifest.xml:106:13-108:29
204                <action android:name="android.net.conn.CONNECTIVITY_CHANGE" />
204-->[androidx.work:work-runtime:2.9.0] AndroidManifest.xml:107:17-79
204-->[androidx.work:work-runtime:2.9.0] AndroidManifest.xml:107:25-76
205            </intent-filter>
206        </receiver>
207        <receiver
207-->[androidx.work:work-runtime:2.9.0] AndroidManifest.xml:110:9-121:20
208            android:name="androidx.work.impl.background.systemalarm.RescheduleReceiver"
208-->[androidx.work:work-runtime:2.9.0] AndroidManifest.xml:111:13-88
209            android:directBootAware="false"
209-->[androidx.work:work-runtime:2.9.0] AndroidManifest.xml:112:13-44
210            android:enabled="false"
210-->[androidx.work:work-runtime:2.9.0] AndroidManifest.xml:113:13-36
211            android:exported="false" >
211-->[androidx.work:work-runtime:2.9.0] AndroidManifest.xml:114:13-37
212            <intent-filter>
212-->[androidx.work:work-runtime:2.9.0] AndroidManifest.xml:116:13-120:29
213                <action android:name="android.intent.action.BOOT_COMPLETED" />
213-->src/main/AndroidManifest.xml:84:17-79
213-->src/main/AndroidManifest.xml:84:25-76
214                <action android:name="android.intent.action.TIME_SET" />
214-->[androidx.work:work-runtime:2.9.0] AndroidManifest.xml:118:17-73
214-->[androidx.work:work-runtime:2.9.0] AndroidManifest.xml:118:25-70
215                <action android:name="android.intent.action.TIMEZONE_CHANGED" />
215-->[androidx.work:work-runtime:2.9.0] AndroidManifest.xml:119:17-81
215-->[androidx.work:work-runtime:2.9.0] AndroidManifest.xml:119:25-78
216            </intent-filter>
217        </receiver>
218        <receiver
218-->[androidx.work:work-runtime:2.9.0] AndroidManifest.xml:122:9-131:20
219            android:name="androidx.work.impl.background.systemalarm.ConstraintProxyUpdateReceiver"
219-->[androidx.work:work-runtime:2.9.0] AndroidManifest.xml:123:13-99
220            android:directBootAware="false"
220-->[androidx.work:work-runtime:2.9.0] AndroidManifest.xml:124:13-44
221            android:enabled="@bool/enable_system_alarm_service_default"
221-->[androidx.work:work-runtime:2.9.0] AndroidManifest.xml:125:13-72
222            android:exported="false" >
222-->[androidx.work:work-runtime:2.9.0] AndroidManifest.xml:126:13-37
223            <intent-filter>
223-->[androidx.work:work-runtime:2.9.0] AndroidManifest.xml:128:13-130:29
224                <action android:name="androidx.work.impl.background.systemalarm.UpdateProxies" />
224-->[androidx.work:work-runtime:2.9.0] AndroidManifest.xml:129:17-98
224-->[androidx.work:work-runtime:2.9.0] AndroidManifest.xml:129:25-95
225            </intent-filter>
226        </receiver>
227        <receiver
227-->[androidx.work:work-runtime:2.9.0] AndroidManifest.xml:132:9-142:20
228            android:name="androidx.work.impl.diagnostics.DiagnosticsReceiver"
228-->[androidx.work:work-runtime:2.9.0] AndroidManifest.xml:133:13-78
229            android:directBootAware="false"
229-->[androidx.work:work-runtime:2.9.0] AndroidManifest.xml:134:13-44
230            android:enabled="true"
230-->[androidx.work:work-runtime:2.9.0] AndroidManifest.xml:135:13-35
231            android:exported="true"
231-->[androidx.work:work-runtime:2.9.0] AndroidManifest.xml:136:13-36
232            android:permission="android.permission.DUMP" >
232-->[androidx.work:work-runtime:2.9.0] AndroidManifest.xml:137:13-57
233            <intent-filter>
233-->[androidx.work:work-runtime:2.9.0] AndroidManifest.xml:139:13-141:29
234                <action android:name="androidx.work.diagnostics.REQUEST_DIAGNOSTICS" />
234-->[androidx.work:work-runtime:2.9.0] AndroidManifest.xml:140:17-88
234-->[androidx.work:work-runtime:2.9.0] AndroidManifest.xml:140:25-85
235            </intent-filter>
236        </receiver>
237
238        <uses-library
238-->[androidx.window:window:1.0.0] AndroidManifest.xml:25:9-27:40
239            android:name="androidx.window.extensions"
239-->[androidx.window:window:1.0.0] AndroidManifest.xml:26:13-54
240            android:required="false" />
240-->[androidx.window:window:1.0.0] AndroidManifest.xml:27:13-37
241        <uses-library
241-->[androidx.window:window:1.0.0] AndroidManifest.xml:28:9-30:40
242            android:name="androidx.window.sidecar"
242-->[androidx.window:window:1.0.0] AndroidManifest.xml:29:13-51
243            android:required="false" />
243-->[androidx.window:window:1.0.0] AndroidManifest.xml:30:13-37
244
245        <service
245-->[androidx.room:room-runtime:2.6.1] AndroidManifest.xml:24:9-28:63
246            android:name="androidx.room.MultiInstanceInvalidationService"
246-->[androidx.room:room-runtime:2.6.1] AndroidManifest.xml:25:13-74
247            android:directBootAware="true"
247-->[androidx.room:room-runtime:2.6.1] AndroidManifest.xml:26:13-43
248            android:exported="false" />
248-->[androidx.room:room-runtime:2.6.1] AndroidManifest.xml:27:13-37
249
250        <receiver
250-->[androidx.profileinstaller:profileinstaller:1.3.0] AndroidManifest.xml:34:9-52:20
251            android:name="androidx.profileinstaller.ProfileInstallReceiver"
251-->[androidx.profileinstaller:profileinstaller:1.3.0] AndroidManifest.xml:35:13-76
252            android:directBootAware="false"
252-->[androidx.profileinstaller:profileinstaller:1.3.0] AndroidManifest.xml:36:13-44
253            android:enabled="true"
253-->[androidx.profileinstaller:profileinstaller:1.3.0] AndroidManifest.xml:37:13-35
254            android:exported="true"
254-->[androidx.profileinstaller:profileinstaller:1.3.0] AndroidManifest.xml:38:13-36
255            android:permission="android.permission.DUMP" >
255-->[androidx.profileinstaller:profileinstaller:1.3.0] AndroidManifest.xml:39:13-57
256            <intent-filter>
256-->[androidx.profileinstaller:profileinstaller:1.3.0] AndroidManifest.xml:40:13-42:29
257                <action android:name="androidx.profileinstaller.action.INSTALL_PROFILE" />
257-->[androidx.profileinstaller:profileinstaller:1.3.0] AndroidManifest.xml:41:17-91
257-->[androidx.profileinstaller:profileinstaller:1.3.0] AndroidManifest.xml:41:25-88
258            </intent-filter>
259            <intent-filter>
259-->[androidx.profileinstaller:profileinstaller:1.3.0] AndroidManifest.xml:43:13-45:29
260                <action android:name="androidx.profileinstaller.action.SKIP_FILE" />
260-->[androidx.profileinstaller:profileinstaller:1.3.0] AndroidManifest.xml:44:17-85
260-->[androidx.profileinstaller:profileinstaller:1.3.0] AndroidManifest.xml:44:25-82
261            </intent-filter>
262            <intent-filter>
262-->[androidx.profileinstaller:profileinstaller:1.3.0] AndroidManifest.xml:46:13-48:29
263                <action android:name="androidx.profileinstaller.action.SAVE_PROFILE" />
263-->[androidx.profileinstaller:profileinstaller:1.3.0] AndroidManifest.xml:47:17-88
263-->[androidx.profileinstaller:profileinstaller:1.3.0] AndroidManifest.xml:47:25-85
264            </intent-filter>
265            <intent-filter>
265-->[androidx.profileinstaller:profileinstaller:1.3.0] AndroidManifest.xml:49:13-51:29
266                <action android:name="androidx.profileinstaller.action.BENCHMARK_OPERATION" />
266-->[androidx.profileinstaller:profileinstaller:1.3.0] AndroidManifest.xml:50:17-95
266-->[androidx.profileinstaller:profileinstaller:1.3.0] AndroidManifest.xml:50:25-92
267            </intent-filter>
268        </receiver>
269    </application>
270
271</manifest>